<?xml version="1.0" encoding="UTF-8"?>
<!-- Generated by org.testng.reporters.JUnitReportReporter -->
<testsuite hostname="Yogi" failures="0" tests="1" name="testNG_Practices.paytm" time="5.829" errors="0" timestamp="2025-02-20T16:34:28 IST" skipped="0">
  <testcase classname="testNG_Practices.paytm" name="paytmlanch" time="5.829"/>
</testsuite> <!-- testNG_Practices.paytm -->
