<?xml version="1.0" encoding="UTF-8"?>
<!-- Generated by org.testng.reporters.JUnitReportReporter -->
<testsuite hostname="Yogi" failures="0" tests="4" name="testNG.Using_Enableed_Flag" time="0.014" errors="0" timestamp="2025-02-20T09:34:18 IST" skipped="1">
  <testcase classname="testNG.Using_Enableed_Flag" name="dog" time="0.001">
    <system-out>
      <![CDATA[ bav..bav..]]>
    </system-out>
  </testcase> <!-- dog -->
  <testcase classname="testNG.Using_Enableed_Flag" name="goat" time="0.011">
    <system-out>
      <![CDATA[may...]]>
    </system-out>
  </testcase> <!-- goat -->
  <testcase classname="testNG.Using_Enableed_Flag" name="cow" time="0.002">
    <system-out>
      <![CDATA[Ammbaaa...]]>
    </system-out>
  </testcase> <!-- cow -->
  <testcase classname="testNG.Using_Enableed_Flag" name="cat">
    <skipped/>
  </testcase> <!-- cat -->
  <system-out>
    <![CDATA[ Evadra vedu
Start chae raaa
Elavunnadu entraa
Porarai
regesterd
loged
created
Meyam
Meyam
Meyam
Ammbaaa...
Ammbaaa...
Ammbaaa...
Ammbaaa...
Ammbaaa...
Ammbaaa...
Ammbaaa...
Ammbaaa...
Ammbaaa...
Ammbaaa...
 bav..bav..
 bav..bav..
may...
 Evadra vedu
Start chae raaa
Elavunnadu entraa
Po..Po..po
Po..Po..po
Po..Po..po
 bav..bav..
may...
Ammbaaa...]]>
  </system-out>
</testsuite> <!-- testNG.Using_Enableed_Flag -->
