<?xml version="1.0" encoding="UTF-8"?>
<!-- Generated by org.testng.reporters.JUnitReportReporter -->
<testsuite hostname="Yogi" failures="0" tests="4" name="testNG.UsingPriorityFlag" time="0.018" errors="0" timestamp="2025-02-20T09:34:18 IST" skipped="0">
  <testcase classname="testNG.UsingPriorityFlag" name="m2" time="0.009">
    <system-out>
      <![CDATA[ Evadra vedu]]>
    </system-out>
  </testcase> <!-- m2 -->
  <testcase classname="testNG.UsingPriorityFlag" name="m1" time="0.002">
    <system-out>
      <![CDATA[Start chae raaa]]>
    </system-out>
  </testcase> <!-- m1 -->
  <testcase classname="testNG.UsingPriorityFlag" name="m3" time="0.005">
    <system-out>
      <![CDATA[Elavunnadu entraa]]>
    </system-out>
  </testcase> <!-- m3 -->
  <testcase classname="testNG.UsingPriorityFlag" name="m0" time="0.002">
    <system-out>
      <![CDATA[Porarai]]>
    </system-out>
  </testcase> <!-- m0 -->
  <system-out>
    <![CDATA[ Evadra vedu
Start chae raaa
Elavunnadu entraa
Porarai
regesterd
loged
created
Meyam
Meyam
Meyam
Ammbaaa...
Ammbaaa...
Ammbaaa...
Ammbaaa...
Ammbaaa...
Ammbaaa...
Ammbaaa...
Ammbaaa...
Ammbaaa...
Ammbaaa...
 bav..bav..
 bav..bav..
may...
 Evadra vedu
Start chae raaa
Elavunnadu entraa
Po..Po..po
Po..Po..po
Po..Po..po
 bav..bav..
may...
Ammbaaa...]]>
  </system-out>
</testsuite> <!-- testNG.UsingPriorityFlag -->
