<?xml version="1.0" encoding="UTF-8"?>
<!-- Generated by org.testng.reporters.JUnitReportReporter -->
<testsuite hostname="Yogi" failures="0" tests="1" name="testNG_Practices.Swiggy" time="7.033" errors="0" timestamp="2025-02-20T16:34:28 IST" skipped="0">
  <testcase classname="testNG_Practices.Swiggy" name="swiggylanch" time="7.033"/>
</testsuite> <!-- testNG_Practices.Swiggy -->
