<?xml version="1.0" encoding="UTF-8"?>
<!-- Generated by org.testng.reporters.JUnitReportReporter -->
<testsuite hostname="Yogi" failures="0" tests="8" name="testNG.ByUsingCrossBrowser" time="343.052" errors="0" timestamp="2025-02-21T10:06:48 IST" skipped="0">
  <testcase classname="testNG.ByUsingCrossBrowser" name="zomato" time="63.452"/>
  <testcase classname="testNG.ByUsingCrossBrowser" name="fb" time="52.107"/>
  <testcase classname="testNG.ByUsingCrossBrowser" name="paytm" time="39.236"/>
  <testcase classname="testNG.ByUsingCrossBrowser" name="swiggy" time="70.508"/>
  <testcase classname="testNG.ByUsingCrossBrowser" name="zomato" time="22.304"/>
  <testcase classname="testNG.ByUsingCrossBrowser" name="fb" time="15.047"/>
  <testcase classname="testNG.ByUsingCrossBrowser" name="paytm" time="39.103"/>
  <testcase classname="testNG.ByUsingCrossBrowser" name="swiggy" time="41.295"/>
</testsuite> <!-- testNG.ByUsingCrossBrowser -->
