<?xml version="1.0" encoding="UTF-8"?>
<!-- Generated by org.testng.reporters.JUnitReportReporter -->
<testsuite hostname="Yogi" failures="0" tests="4" name="testNG_Practices.CrossBrowserSimplify" time="44.330" errors="0" timestamp="2025-02-21T10:30:04 IST" skipped="0">
  <testcase classname="testNG_Practices.CrossBrowserSimplify" name="openWebsite" time="6.432"/>
  <testcase classname="testNG_Practices.CrossBrowserSimplify" name="openWebsite" time="16.826"/>
  <testcase classname="testNG_Practices.CrossBrowserSimplify" name="openWebsite" time="16.292"/>
  <testcase classname="testNG_Practices.CrossBrowserSimplify" name="openWebsite" time="4.780"/>
</testsuite> <!-- testNG_Practices.CrossBrowserSimplify -->
