<?xml version="1.0" encoding="UTF-8"?>
<!-- Generated by org.testng.reporters.JUnitReportReporter -->
<testsuite hostname="Yogi" failures="0" tests="5" name="testNG.Using_Group_Exe" time="0.019" errors="0" timestamp="2025-02-20T10:07:51 IST" skipped="0">
  <testcase classname="testNG.Using_Group_Exe" name="Rose" time="0.010">
    <system-out>
      <![CDATA[Red]]>
    </system-out>
  </testcase> <!-- Rose -->
  <testcase classname="testNG.Using_Group_Exe" name="grapes" time="0.003">
    <system-out>
      <![CDATA[ bav..bav..]]>
    </system-out>
  </testcase> <!-- grapes -->
  <testcase classname="testNG.Using_Group_Exe" name="orange" time="0.001">
    <system-out>
      <![CDATA[Meyam]]>
    </system-out>
  </testcase> <!-- orange -->
  <testcase classname="testNG.Using_Group_Exe" name="apple" time="0.002">
    <system-out>
      <![CDATA[Ammbaaa...]]>
    </system-out>
  </testcase> <!-- apple -->
  <testcase classname="testNG.Using_Group_Exe" name="Sunflower" time="0.003">
    <system-out>
      <![CDATA[yellow]]>
    </system-out>
  </testcase> <!-- Sunflower -->
  <system-out>
    <![CDATA[Red
yellow
Ammbaaa...
 bav..bav..
Meyam]]>
  </system-out>
</testsuite> <!-- testNG.Using_Group_Exe -->
